2025-07-13 00:14:52,894 - INFO - Browser initialized successfully
2025-07-13 00:14:58,376 - INFO - Captcha text: 
	
	
		
			
				
				
						
					Login to Account
					
										
						
						
						
							
						
					

					
						
						
						
							
						
					
					
					
						What is 2 + 6 = ? : 
					
					
					
						
							Login
						
					
					

				
					
					

					
				
			
		
	
	
	

	
	
	

	
	

	

	
	
		$('.js-tilt').tilt({
			scale: 1.1
		})
	

	




2025-07-13 00:14:58,379 - INFO - Solved captcha: 2 + 6 = 8
2025-07-13 00:14:59,405 - INFO - Filled captcha answer (method 2): 8
2025-07-13 00:15:02,368 - INFO - Login successful, navigating to SMS dashboard
2025-07-13 00:15:04,108 - INFO - Successfully navigated to SMS dashboard
2025-07-13 00:15:04,109 - INFO - Successfully logged into SMS service
2025-07-13 00:15:04,109 - INFO - ============================================================
2025-07-13 00:15:04,109 - INFO - CHECKING EXISTING MESSAGES IN SMS SERVICE
2025-07-13 00:15:04,109 - INFO - ============================================================
2025-07-13 00:15:07,150 - WARNING - DataTable not found on page
2025-07-13 00:15:07,331 - INFO - Screenshot saved as 'sms_page_after_login.png'
2025-07-13 00:15:07,331 - INFO - Found CSV file: Flyn SMS  My SMS Numbers.csv
2025-07-13 00:15:07,343 - INFO - Successfully read 25 phone numbers from Flyn SMS  My SMS Numbers.csv
2025-07-13 00:15:07,343 - INFO - CSV columns: ['Range', 'Prefix', 'Number', 'My Payterm', 'My Payout', 'Limits']
2025-07-13 00:15:07,343 - INFO - ============================================================
2025-07-13 00:15:07,344 - INFO - ANALYZING PHONE NUMBERS FROM CSV
2025-07-13 00:15:07,344 - INFO - ============================================================
2025-07-13 00:15:17,354 - ERROR - Error extracting SMS data from table: Timeout 10000ms exceeded.
2025-07-13 00:15:17,354 - INFO - CSV contains 25 phone numbers
2025-07-13 00:15:17,354 - INFO - SMS service has 0 messages
2025-07-13 00:15:17,521 - INFO - Analyzing phone number 1: 233201915227
2025-07-13 00:15:17,522 - INFO -   ✗ No messages found for 233201915227
2025-07-13 00:15:17,522 - INFO - Analyzing phone number 2: 233200704879
2025-07-13 00:15:17,522 - INFO -   ✗ No messages found for 233200704879
2025-07-13 00:15:17,522 - INFO - Analyzing phone number 3: 233202322431
2025-07-13 00:15:17,523 - INFO -   ✗ No messages found for 233202322431
2025-07-13 00:15:17,523 - INFO - Analyzing phone number 4: 233203146752
2025-07-13 00:15:17,523 - INFO -   ✗ No messages found for 233203146752
2025-07-13 00:15:17,523 - INFO - Analyzing phone number 5: 233206767417
2025-07-13 00:15:17,523 - INFO -   ✗ No messages found for 233206767417
2025-07-13 00:15:17,523 - INFO - Analyzing phone number 6: 233209360486
2025-07-13 00:15:17,523 - INFO -   ✗ No messages found for 233209360486
2025-07-13 00:15:17,524 - INFO - Analyzing phone number 7: 233202160551
2025-07-13 00:15:17,524 - INFO -   ✗ No messages found for 233202160551
2025-07-13 00:15:17,524 - INFO - Analyzing phone number 8: 233203862710
2025-07-13 00:15:17,524 - INFO -   ✗ No messages found for 233203862710
2025-07-13 00:15:17,524 - INFO - Analyzing phone number 9: 233505409272
2025-07-13 00:15:17,524 - INFO -   ✗ No messages found for 233505409272
2025-07-13 00:15:17,524 - INFO - Analyzing phone number 10: 233205566936
2025-07-13 00:15:17,525 - INFO -   ✗ No messages found for 233205566936
2025-07-13 00:15:17,525 - INFO - Analyzing phone number 11: 233208215704
2025-07-13 00:15:17,525 - INFO -   ✗ No messages found for 233208215704
2025-07-13 00:15:17,525 - INFO - Analyzing phone number 12: 233205860171
2025-07-13 00:15:17,525 - INFO -   ✗ No messages found for 233205860171
2025-07-13 00:15:17,525 - INFO - Analyzing phone number 13: 233506826838
2025-07-13 00:15:17,525 - INFO -   ✗ No messages found for 233506826838
2025-07-13 00:15:17,525 - INFO - Analyzing phone number 14: 233204314525
2025-07-13 00:15:17,525 - INFO -   ✗ No messages found for 233204314525
2025-07-13 00:15:17,525 - INFO - Analyzing phone number 15: 233501885413
2025-07-13 00:15:17,526 - INFO -   ✗ No messages found for 233501885413
2025-07-13 00:15:17,526 - INFO - Analyzing phone number 16: 233206345942
2025-07-13 00:15:17,526 - INFO -   ✗ No messages found for 233206345942
2025-07-13 00:15:17,526 - INFO - Analyzing phone number 17: 233209768113
2025-07-13 00:15:17,526 - INFO -   ✗ No messages found for 233209768113
2025-07-13 00:15:17,526 - INFO - Analyzing phone number 18: 233501620322
2025-07-13 00:15:17,526 - INFO -   ✗ No messages found for 233501620322
2025-07-13 00:15:17,526 - INFO - Analyzing phone number 19: 233206006939
2025-07-13 00:15:17,526 - INFO -   ✗ No messages found for 233206006939
2025-07-13 00:15:17,526 - INFO - Analyzing phone number 20: 233500400929
2025-07-13 00:15:17,527 - INFO -   ✗ No messages found for 233500400929
2025-07-13 00:15:17,527 - INFO - Analyzing phone number 21: 233501161652
2025-07-13 00:15:17,527 - INFO -   ✗ No messages found for 233501161652
2025-07-13 00:15:17,527 - INFO - Analyzing phone number 22: 233205890245
2025-07-13 00:15:17,527 - INFO -   ✗ No messages found for 233205890245
2025-07-13 00:15:17,527 - INFO - Analyzing phone number 23: 233204234029
2025-07-13 00:15:17,529 - INFO -   ✗ No messages found for 233204234029
2025-07-13 00:15:17,529 - INFO - Analyzing phone number 24: 233209659487
2025-07-13 00:15:17,529 - INFO -   ✗ No messages found for 233209659487
2025-07-13 00:15:17,529 - INFO - Analyzing phone number 25: 233508452054
2025-07-13 00:15:17,529 - INFO -   ✗ No messages found for 233508452054
2025-07-13 00:15:17,530 - INFO - Analysis results saved to phone_analysis_20250713_001517.json
2025-07-13 00:15:17,531 - INFO - Summary:
2025-07-13 00:15:17,531 - INFO -   - Phone numbers with messages: 0
2025-07-13 00:15:17,531 - INFO -   - Phone numbers without messages: 25
2025-07-13 00:15:17,531 - INFO - ============================================================
2025-07-13 00:15:17,531 - INFO - FINISHED ANALYZING PHONE NUMBERS
2025-07-13 00:15:17,531 - INFO - ============================================================
2025-07-13 00:17:30,414 - INFO - Browser initialized successfully
2025-07-13 00:17:34,711 - INFO - Captcha text: 
	
	
		
			
				
				
						
					Login to Account
					
										
						
						
						
							
						
					

					
						
						
						
							
						
					
					
					
						What is 2 + 2 = ? : 
					
					
					
						
							Login
						
					
					

				
					
					

					
				
			
		
	
	
	

	
	
	

	
	

	

	
	
		$('.js-tilt').tilt({
			scale: 1.1
		})
	

	




2025-07-13 00:17:34,712 - INFO - Solved captcha: 2 + 2 = 4
2025-07-13 00:17:35,729 - INFO - Filled captcha answer (method 2): 4
2025-07-13 00:17:38,527 - INFO - Login successful, navigating to SMS data page for extraction
2025-07-13 00:17:40,102 - INFO - Successfully navigated to SMSCDRStats for SMS extraction
2025-07-13 00:17:40,103 - INFO - Successfully logged into SMS service
2025-07-13 00:17:40,103 - INFO - ============================================================
2025-07-13 00:17:40,103 - INFO - CHECKING EXISTING MESSAGES IN SMS SERVICE
2025-07-13 00:17:40,103 - INFO - ============================================================
2025-07-13 00:17:43,140 - INFO - Table info: Showing 1 to 2 of 2 entries
2025-07-13 00:17:43,232 - INFO - Extracted 2 SMS records from table
2025-07-13 00:17:43,232 - INFO - Found 2 existing messages:
2025-07-13 00:17:43,232 - INFO - ------------------------------------------------------------
2025-07-13 00:17:43,232 - INFO - Message 1:
2025-07-13 00:17:43,232 - INFO -   Date: 2025-07-12 22:19:55
2025-07-13 00:17:43,232 - INFO -   Range: Ghana
2025-07-13 00:17:43,232 - INFO -   Number: 233200704879
2025-07-13 00:17:43,232 - INFO -   CLI: AIRBNB
2025-07-13 00:17:43,233 - INFO -   SMS: Your Airbnb verification code is 809418 Dont share this code with anyone; our employees will never ask for the code
2025-07-13 00:17:43,233 - INFO -   Currency: $
2025-07-13 00:17:43,233 - INFO -   Payout: 0
2025-07-13 00:17:43,233 - INFO - ----------------------------------------
2025-07-13 00:17:43,233 - INFO - Message 2:
2025-07-13 00:17:43,233 - INFO -   Date: 2025-07-12 21:22:56
2025-07-13 00:17:43,233 - INFO -   Range: Ghana
2025-07-13 00:17:43,233 - INFO -   Number: 233201915227
2025-07-13 00:17:43,233 - INFO -   CLI: AIRBNB
2025-07-13 00:17:43,233 - INFO -   SMS: Your Airbnb verification code is 005646 Dont share this code with anyone; our employees will never ask for the code
2025-07-13 00:17:43,234 - INFO -   Currency: $
2025-07-13 00:17:43,234 - INFO -   Payout: 0
2025-07-13 00:17:43,234 - INFO - ----------------------------------------
2025-07-13 00:17:43,234 - INFO - ============================================================
2025-07-13 00:17:43,234 - INFO - EXTRACTED VERIFICATION CODES:
2025-07-13 00:17:43,234 - INFO - ============================================================
2025-07-13 00:17:43,234 - INFO - Code 1:
2025-07-13 00:17:43,234 - INFO -   Number: 233200704879
2025-07-13 00:17:43,234 - INFO -   Code: 809418
2025-07-13 00:17:43,234 - INFO -   Date: 2025-07-12 22:19:55
2025-07-13 00:17:43,234 - INFO - ----------------------------------------
2025-07-13 00:17:43,235 - INFO - Code 2:
2025-07-13 00:17:43,235 - INFO -   Number: 233201915227
2025-07-13 00:17:43,235 - INFO -   Code: 005646
2025-07-13 00:17:43,235 - INFO -   Date: 2025-07-12 21:22:56
2025-07-13 00:17:43,235 - INFO - ----------------------------------------
2025-07-13 00:17:43,236 - INFO - Verification codes saved to verification_codes_20250713_001743.json
2025-07-13 00:17:43,237 - INFO - All messages saved to sms_messages_20250713_001743.json
2025-07-13 00:17:43,237 - INFO - ============================================================
2025-07-13 00:17:43,238 - INFO - FINISHED CHECKING EXISTING MESSAGES
2025-07-13 00:17:43,238 - INFO - ============================================================
2025-07-13 00:17:43,239 - INFO - Found CSV file: Flyn SMS  My SMS Numbers.csv
2025-07-13 00:17:43,241 - INFO - Successfully read 25 phone numbers from Flyn SMS  My SMS Numbers.csv
2025-07-13 00:17:43,241 - INFO - CSV columns: ['Range', 'Prefix', 'Number', 'My Payterm', 'My Payout', 'Limits']
2025-07-13 00:17:43,241 - INFO - ============================================================
2025-07-13 00:17:43,241 - INFO - ANALYZING PHONE NUMBERS FROM CSV
2025-07-13 00:17:43,241 - INFO - ============================================================
2025-07-13 00:17:43,319 - INFO - Extracted 2 SMS records from table
2025-07-13 00:17:43,320 - INFO - CSV contains 25 phone numbers
2025-07-13 00:17:43,320 - INFO - SMS service has 2 messages
2025-07-13 00:17:43,325 - INFO - Analyzing phone number 1: 233201915227
2025-07-13 00:17:43,326 - INFO -   ✓ Found 1 message(s) for 233201915227
2025-07-13 00:17:43,326 - INFO -     - CLI: AIRBNB, SMS: Your Airbnb verification code is 005646 Dont share...
2025-07-13 00:17:43,326 - INFO - Analyzing phone number 2: 233200704879
2025-07-13 00:17:43,326 - INFO -   ✓ Found 1 message(s) for 233200704879
2025-07-13 00:17:43,327 - INFO -     - CLI: AIRBNB, SMS: Your Airbnb verification code is 809418 Dont share...
2025-07-13 00:17:43,327 - INFO - Analyzing phone number 3: 233202322431
2025-07-13 00:17:43,327 - INFO -   ✗ No messages found for 233202322431
2025-07-13 00:17:43,327 - INFO - Analyzing phone number 4: 233203146752
2025-07-13 00:17:43,327 - INFO -   ✗ No messages found for 233203146752
2025-07-13 00:17:43,328 - INFO - Analyzing phone number 5: 233206767417
2025-07-13 00:17:43,328 - INFO -   ✗ No messages found for 233206767417
2025-07-13 00:17:43,328 - INFO - Analyzing phone number 6: 233209360486
2025-07-13 00:17:43,328 - INFO -   ✗ No messages found for 233209360486
2025-07-13 00:17:43,328 - INFO - Analyzing phone number 7: 233202160551
2025-07-13 00:17:43,328 - INFO -   ✗ No messages found for 233202160551
2025-07-13 00:17:43,328 - INFO - Analyzing phone number 8: 233203862710
2025-07-13 00:17:43,328 - INFO -   ✗ No messages found for 233203862710
2025-07-13 00:17:43,328 - INFO - Analyzing phone number 9: 233505409272
2025-07-13 00:17:43,329 - INFO -   ✗ No messages found for 233505409272
2025-07-13 00:17:43,329 - INFO - Analyzing phone number 10: 233205566936
2025-07-13 00:17:43,329 - INFO -   ✗ No messages found for 233205566936
2025-07-13 00:17:43,329 - INFO - Analyzing phone number 11: 233208215704
2025-07-13 00:17:43,329 - INFO -   ✗ No messages found for 233208215704
2025-07-13 00:17:43,329 - INFO - Analyzing phone number 12: 233205860171
2025-07-13 00:17:43,329 - INFO -   ✗ No messages found for 233205860171
2025-07-13 00:17:43,329 - INFO - Analyzing phone number 13: 233506826838
2025-07-13 00:17:43,329 - INFO -   ✗ No messages found for 233506826838
2025-07-13 00:17:43,329 - INFO - Analyzing phone number 14: 233204314525
2025-07-13 00:17:43,330 - INFO -   ✗ No messages found for 233204314525
2025-07-13 00:17:43,330 - INFO - Analyzing phone number 15: 233501885413
2025-07-13 00:17:43,330 - INFO -   ✗ No messages found for 233501885413
2025-07-13 00:17:43,330 - INFO - Analyzing phone number 16: 233206345942
2025-07-13 00:17:43,330 - INFO -   ✗ No messages found for 233206345942
2025-07-13 00:17:43,330 - INFO - Analyzing phone number 17: 233209768113
2025-07-13 00:17:43,330 - INFO -   ✗ No messages found for 233209768113
2025-07-13 00:17:43,330 - INFO - Analyzing phone number 18: 233501620322
2025-07-13 00:17:43,330 - INFO -   ✗ No messages found for 233501620322
2025-07-13 00:17:43,331 - INFO - Analyzing phone number 19: 233206006939
2025-07-13 00:17:43,331 - INFO -   ✗ No messages found for 233206006939
2025-07-13 00:17:43,331 - INFO - Analyzing phone number 20: 233500400929
2025-07-13 00:17:43,331 - INFO -   ✗ No messages found for 233500400929
2025-07-13 00:17:43,331 - INFO - Analyzing phone number 21: 233501161652
2025-07-13 00:17:43,331 - INFO -   ✗ No messages found for 233501161652
2025-07-13 00:17:43,331 - INFO - Analyzing phone number 22: 233205890245
2025-07-13 00:17:43,331 - INFO -   ✗ No messages found for 233205890245
2025-07-13 00:17:43,331 - INFO - Analyzing phone number 23: 233204234029
2025-07-13 00:17:43,331 - INFO -   ✗ No messages found for 233204234029
2025-07-13 00:17:43,331 - INFO - Analyzing phone number 24: 233209659487
2025-07-13 00:17:43,332 - INFO -   ✗ No messages found for 233209659487
2025-07-13 00:17:43,332 - INFO - Analyzing phone number 25: 233508452054
2025-07-13 00:17:43,332 - INFO -   ✗ No messages found for 233508452054
2025-07-13 00:17:43,333 - INFO - Analysis results saved to phone_analysis_20250713_001743.json
2025-07-13 00:17:43,333 - INFO - Summary:
2025-07-13 00:17:43,334 - INFO -   - Phone numbers with messages: 2
2025-07-13 00:17:43,334 - INFO -   - Phone numbers without messages: 23
2025-07-13 00:17:43,334 - INFO - ============================================================
2025-07-13 00:17:43,334 - INFO - FINISHED ANALYZING PHONE NUMBERS
2025-07-13 00:17:43,334 - INFO - ============================================================
2025-07-13 00:17:59,180 - INFO - Browser initialized successfully
2025-07-13 00:18:03,425 - INFO - Captcha text: 
	
	
		
			
				
				
						
					Login to Account
					
										
						
						
						
							
						
					

					
						
						
						
							
						
					
					
					
						What is 4 + 10 = ? : 
					
					
					
						
							Login
						
					
					

				
					
					

					
				
			
		
	
	
	

	
	
	

	
	

	

	
	
		$('.js-tilt').tilt({
			scale: 1.1
		})
	

	




2025-07-13 00:18:03,425 - INFO - Solved captcha: 4 + 10 = 14
2025-07-13 00:18:04,439 - INFO - Filled captcha answer (method 2): 14
2025-07-13 00:18:07,058 - INFO - Login successful, navigating to SMS data page for extraction
2025-07-13 00:18:08,654 - INFO - Successfully navigated to SMSCDRStats for SMS extraction
2025-07-13 00:18:08,655 - INFO - Successfully logged into SMS service
2025-07-13 00:18:08,655 - INFO - ============================================================
2025-07-13 00:18:08,655 - INFO - CHECKING EXISTING MESSAGES IN SMS SERVICE
2025-07-13 00:18:08,655 - INFO - ============================================================
2025-07-13 00:18:11,705 - INFO - Table info: Showing 1 to 2 of 2 entries
2025-07-13 00:18:11,794 - INFO - Extracted 2 SMS records from table
2025-07-13 00:18:11,794 - INFO - Found 2 existing messages:
2025-07-13 00:18:11,794 - INFO - ------------------------------------------------------------
2025-07-13 00:18:11,794 - INFO - Message 1:
2025-07-13 00:18:11,795 - INFO -   Date: 2025-07-12 22:19:55
2025-07-13 00:18:11,795 - INFO -   Range: Ghana
2025-07-13 00:18:11,795 - INFO -   Number: 233200704879
2025-07-13 00:18:11,795 - INFO -   CLI: AIRBNB
2025-07-13 00:18:11,795 - INFO -   SMS: Your Airbnb verification code is 809418 Dont share this code with anyone; our employees will never ask for the code
2025-07-13 00:18:11,795 - INFO -   Currency: $
2025-07-13 00:18:11,795 - INFO -   Payout: 0
2025-07-13 00:18:11,795 - INFO - ----------------------------------------
2025-07-13 00:18:11,795 - INFO - Message 2:
2025-07-13 00:18:11,795 - INFO -   Date: 2025-07-12 21:22:56
2025-07-13 00:18:11,796 - INFO -   Range: Ghana
2025-07-13 00:18:11,796 - INFO -   Number: 233201915227
2025-07-13 00:18:11,796 - INFO -   CLI: AIRBNB
2025-07-13 00:18:11,796 - INFO -   SMS: Your Airbnb verification code is 005646 Dont share this code with anyone; our employees will never ask for the code
2025-07-13 00:18:11,796 - INFO -   Currency: $
2025-07-13 00:18:11,796 - INFO -   Payout: 0
2025-07-13 00:18:11,796 - INFO - ----------------------------------------
2025-07-13 00:18:11,796 - INFO - ============================================================
2025-07-13 00:18:11,796 - INFO - EXTRACTED VERIFICATION CODES:
2025-07-13 00:18:11,796 - INFO - ============================================================
2025-07-13 00:18:11,797 - INFO - Code 1:
2025-07-13 00:18:11,797 - INFO -   Number: 233200704879
2025-07-13 00:18:11,797 - INFO -   Code: 809418
2025-07-13 00:18:11,797 - INFO -   Date: 2025-07-12 22:19:55
2025-07-13 00:18:11,797 - INFO - ----------------------------------------
2025-07-13 00:18:11,797 - INFO - Code 2:
2025-07-13 00:18:11,797 - INFO -   Number: 233201915227
2025-07-13 00:18:11,797 - INFO -   Code: 005646
2025-07-13 00:18:11,797 - INFO -   Date: 2025-07-12 21:22:56
2025-07-13 00:18:11,798 - INFO - ----------------------------------------
2025-07-13 00:18:11,800 - INFO - Verification codes saved to verification_codes_20250713_001811.json
2025-07-13 00:18:11,801 - INFO - All messages saved to sms_messages_20250713_001811.json
2025-07-13 00:18:11,801 - INFO - ============================================================
2025-07-13 00:18:11,801 - INFO - FINISHED CHECKING EXISTING MESSAGES
2025-07-13 00:18:11,802 - INFO - ============================================================
2025-07-13 00:18:11,802 - INFO - Found CSV file: Flyn SMS  My SMS Numbers.csv
2025-07-13 00:18:11,804 - INFO - Successfully read 25 phone numbers from Flyn SMS  My SMS Numbers.csv
2025-07-13 00:18:11,804 - INFO - CSV columns: ['Range', 'Prefix', 'Number', 'My Payterm', 'My Payout', 'Limits']
2025-07-13 00:18:11,805 - INFO - ============================================================
2025-07-13 00:18:11,805 - INFO - ANALYZING PHONE NUMBERS FROM CSV
2025-07-13 00:18:11,805 - INFO - ============================================================
2025-07-13 00:18:11,886 - INFO - Extracted 2 SMS records from table
2025-07-13 00:18:11,886 - INFO - CSV contains 25 phone numbers
2025-07-13 00:18:11,887 - INFO - SMS service has 2 messages
2025-07-13 00:18:11,892 - INFO - Analyzing phone number 1: 233201915227
2025-07-13 00:18:11,892 - INFO -   ✓ Found 1 message(s) for 233201915227
2025-07-13 00:18:11,892 - INFO -     - CLI: AIRBNB, SMS: Your Airbnb verification code is 005646 Dont share...
2025-07-13 00:18:11,892 - INFO - Analyzing phone number 2: 233200704879
2025-07-13 00:18:11,892 - INFO -   ✓ Found 1 message(s) for 233200704879
2025-07-13 00:18:11,892 - INFO -     - CLI: AIRBNB, SMS: Your Airbnb verification code is 809418 Dont share...
2025-07-13 00:18:11,892 - INFO - Analyzing phone number 3: 233202322431
2025-07-13 00:18:11,892 - INFO -   ✗ No messages found for 233202322431
2025-07-13 00:18:11,893 - INFO - Analyzing phone number 4: 233203146752
2025-07-13 00:18:11,893 - INFO -   ✗ No messages found for 233203146752
2025-07-13 00:18:11,893 - INFO - Analyzing phone number 5: 233206767417
2025-07-13 00:18:11,893 - INFO -   ✗ No messages found for 233206767417
2025-07-13 00:18:11,893 - INFO - Analyzing phone number 6: 233209360486
2025-07-13 00:18:11,894 - INFO -   ✗ No messages found for 233209360486
2025-07-13 00:18:11,894 - INFO - Analyzing phone number 7: 233202160551
2025-07-13 00:18:11,894 - INFO -   ✗ No messages found for 233202160551
2025-07-13 00:18:11,894 - INFO - Analyzing phone number 8: 233203862710
2025-07-13 00:18:11,894 - INFO -   ✗ No messages found for 233203862710
2025-07-13 00:18:11,894 - INFO - Analyzing phone number 9: 233505409272
2025-07-13 00:18:11,894 - INFO -   ✗ No messages found for 233505409272
2025-07-13 00:18:11,894 - INFO - Analyzing phone number 10: 233205566936
2025-07-13 00:18:11,894 - INFO -   ✗ No messages found for 233205566936
2025-07-13 00:18:11,894 - INFO - Analyzing phone number 11: 233208215704
2025-07-13 00:18:11,895 - INFO -   ✗ No messages found for 233208215704
2025-07-13 00:18:11,895 - INFO - Analyzing phone number 12: 233205860171
2025-07-13 00:18:11,895 - INFO -   ✗ No messages found for 233205860171
2025-07-13 00:18:11,895 - INFO - Analyzing phone number 13: 233506826838
2025-07-13 00:18:11,895 - INFO -   ✗ No messages found for 233506826838
2025-07-13 00:18:11,895 - INFO - Analyzing phone number 14: 233204314525
2025-07-13 00:18:11,895 - INFO -   ✗ No messages found for 233204314525
2025-07-13 00:18:11,895 - INFO - Analyzing phone number 15: 233501885413
2025-07-13 00:18:11,896 - INFO -   ✗ No messages found for 233501885413
2025-07-13 00:18:11,896 - INFO - Analyzing phone number 16: 233206345942
2025-07-13 00:18:11,896 - INFO -   ✗ No messages found for 233206345942
2025-07-13 00:18:11,896 - INFO - Analyzing phone number 17: 233209768113
2025-07-13 00:18:11,896 - INFO -   ✗ No messages found for 233209768113
2025-07-13 00:18:11,896 - INFO - Analyzing phone number 18: 233501620322
2025-07-13 00:18:11,896 - INFO -   ✗ No messages found for 233501620322
2025-07-13 00:18:11,897 - INFO - Analyzing phone number 19: 233206006939
2025-07-13 00:18:11,897 - INFO -   ✗ No messages found for 233206006939
2025-07-13 00:18:11,897 - INFO - Analyzing phone number 20: 233500400929
2025-07-13 00:18:11,897 - INFO -   ✗ No messages found for 233500400929
2025-07-13 00:18:11,897 - INFO - Analyzing phone number 21: 233501161652
2025-07-13 00:18:11,897 - INFO -   ✗ No messages found for 233501161652
2025-07-13 00:18:11,897 - INFO - Analyzing phone number 22: 233205890245
2025-07-13 00:18:11,897 - INFO -   ✗ No messages found for 233205890245
2025-07-13 00:18:11,897 - INFO - Analyzing phone number 23: 233204234029
2025-07-13 00:18:11,898 - INFO -   ✗ No messages found for 233204234029
2025-07-13 00:18:11,898 - INFO - Analyzing phone number 24: 233209659487
2025-07-13 00:18:11,898 - INFO -   ✗ No messages found for 233209659487
2025-07-13 00:18:11,898 - INFO - Analyzing phone number 25: 233508452054
2025-07-13 00:18:11,898 - INFO -   ✗ No messages found for 233508452054
2025-07-13 00:18:11,899 - INFO - Analysis results saved to phone_analysis_20250713_001811.json
2025-07-13 00:18:11,899 - INFO - Summary:
2025-07-13 00:18:11,899 - INFO -   - Phone numbers with messages: 2
2025-07-13 00:18:11,899 - INFO -   - Phone numbers without messages: 23
2025-07-13 00:18:11,899 - INFO - ============================================================
2025-07-13 00:18:11,899 - INFO - FINISHED ANALYZING PHONE NUMBERS
2025-07-13 00:18:11,899 - INFO - ============================================================
2025-07-13 00:20:16,273 - INFO - Browser initialized successfully
2025-07-13 00:20:21,744 - INFO - Captcha text: 
	
	
		
			
				
				
						
					Login to Account
					
										
						
						
						
							
						
					

					
						
						
						
							
						
					
					
					
						What is 1 + 6 = ? : 
					
					
					
						
							Login
						
					
					

				
					
					

					
				
			
		
	
	
	

	
	
	

	
	

	

	
	
		$('.js-tilt').tilt({
			scale: 1.1
		})
	

	




2025-07-13 00:20:21,746 - INFO - Solved captcha: 1 + 6 = 7
2025-07-13 00:20:22,766 - INFO - Filled captcha answer (method 2): 7
2025-07-13 00:20:25,264 - INFO - Login successful, navigating to SMS data page for extraction
2025-07-13 00:20:26,853 - INFO - Successfully navigated to SMSCDRStats for SMS extraction
2025-07-13 00:20:26,853 - INFO - Successfully logged into SMS service
2025-07-13 00:20:26,854 - INFO - ============================================================
2025-07-13 00:20:26,854 - INFO - CHECKING EXISTING MESSAGES IN SMS SERVICE
2025-07-13 00:20:26,854 - INFO - ============================================================
2025-07-13 00:20:29,900 - INFO - Table info: Showing 1 to 2 of 2 entries
2025-07-13 00:20:29,988 - INFO - Extracted 2 SMS records from table
2025-07-13 00:20:29,989 - INFO - Found 2 existing messages:
2025-07-13 00:20:29,989 - INFO - ------------------------------------------------------------
2025-07-13 00:20:29,989 - INFO - Message 1:
2025-07-13 00:20:29,989 - INFO -   Date: 2025-07-12 22:19:55
2025-07-13 00:20:29,989 - INFO -   Range: Ghana
2025-07-13 00:20:29,989 - INFO -   Number: 233200704879
2025-07-13 00:20:29,989 - INFO -   CLI: AIRBNB
2025-07-13 00:20:29,989 - INFO -   SMS: Your Airbnb verification code is 809418 Dont share this code with anyone; our employees will never ask for the code
2025-07-13 00:20:29,989 - INFO -   Currency: $
2025-07-13 00:20:29,990 - INFO -   Payout: 0
2025-07-13 00:20:29,990 - INFO - ----------------------------------------
2025-07-13 00:20:29,990 - INFO - Message 2:
2025-07-13 00:20:29,990 - INFO -   Date: 2025-07-12 21:22:56
2025-07-13 00:20:29,990 - INFO -   Range: Ghana
2025-07-13 00:20:29,990 - INFO -   Number: 233201915227
2025-07-13 00:20:29,990 - INFO -   CLI: AIRBNB
2025-07-13 00:20:29,990 - INFO -   SMS: Your Airbnb verification code is 005646 Dont share this code with anyone; our employees will never ask for the code
2025-07-13 00:20:29,990 - INFO -   Currency: $
2025-07-13 00:20:29,990 - INFO -   Payout: 0
2025-07-13 00:20:29,990 - INFO - ----------------------------------------
2025-07-13 00:20:29,991 - INFO - ============================================================
2025-07-13 00:20:29,991 - INFO - EXTRACTED VERIFICATION CODES:
2025-07-13 00:20:29,991 - INFO - ============================================================
2025-07-13 00:20:29,991 - INFO - Code 1:
2025-07-13 00:20:29,991 - INFO -   Number: 233200704879
2025-07-13 00:20:29,991 - INFO -   Code: 809418
2025-07-13 00:20:29,991 - INFO -   Date: 2025-07-12 22:19:55
2025-07-13 00:20:29,991 - INFO - ----------------------------------------
2025-07-13 00:20:29,991 - INFO - Code 2:
2025-07-13 00:20:29,991 - INFO -   Number: 233201915227
2025-07-13 00:20:29,992 - INFO -   Code: 005646
2025-07-13 00:20:29,992 - INFO -   Date: 2025-07-12 21:22:56
2025-07-13 00:20:29,992 - INFO - ----------------------------------------
2025-07-13 00:20:29,994 - INFO - Verification codes saved to verification_codes_20250713_002029.json
2025-07-13 00:20:29,995 - INFO - All messages saved to sms_messages_20250713_002029.json
2025-07-13 00:20:29,995 - INFO - ============================================================
2025-07-13 00:20:29,995 - INFO - FINISHED CHECKING EXISTING MESSAGES
2025-07-13 00:20:29,995 - INFO - ============================================================
2025-07-13 00:20:29,995 - INFO - Found CSV file: Flyn SMS  My SMS Numbers.csv
2025-07-13 00:20:29,997 - INFO - Successfully read 25 phone numbers from Flyn SMS  My SMS Numbers.csv
2025-07-13 00:20:29,998 - INFO - CSV columns: ['Range', 'Prefix', 'Number', 'My Payterm', 'My Payout', 'Limits']
2025-07-13 00:20:29,998 - INFO - ============================================================
2025-07-13 00:20:29,998 - INFO - ANALYZING PHONE NUMBERS FROM CSV
2025-07-13 00:20:29,998 - INFO - ============================================================
2025-07-13 00:20:30,114 - INFO - Extracted 2 SMS records from table
2025-07-13 00:20:30,114 - INFO - CSV contains 25 phone numbers
2025-07-13 00:20:30,114 - INFO - SMS service has 2 messages
2025-07-13 00:20:30,122 - INFO - Analyzing phone number 1: 233201915227
2025-07-13 00:20:30,122 - INFO -   ✓ Found 1 message(s) for 233201915227
2025-07-13 00:20:30,122 - INFO -     - CLI: AIRBNB, SMS: Your Airbnb verification code is 005646 Dont share...
2025-07-13 00:20:30,122 - INFO - Analyzing phone number 2: 233200704879
2025-07-13 00:20:30,123 - INFO -   ✓ Found 1 message(s) for 233200704879
2025-07-13 00:20:30,123 - INFO -     - CLI: AIRBNB, SMS: Your Airbnb verification code is 809418 Dont share...
2025-07-13 00:20:30,123 - INFO - Analyzing phone number 3: 233202322431
2025-07-13 00:20:30,123 - INFO -   ✗ No messages found for 233202322431
2025-07-13 00:20:30,123 - INFO - Analyzing phone number 4: 233203146752
2025-07-13 00:20:30,123 - INFO -   ✗ No messages found for 233203146752
2025-07-13 00:20:30,123 - INFO - Analyzing phone number 5: 233206767417
2025-07-13 00:20:30,124 - INFO -   ✗ No messages found for 233206767417
2025-07-13 00:20:30,124 - INFO - Analyzing phone number 6: 233209360486
2025-07-13 00:20:30,124 - INFO -   ✗ No messages found for 233209360486
2025-07-13 00:20:30,124 - INFO - Analyzing phone number 7: 233202160551
2025-07-13 00:20:30,124 - INFO -   ✗ No messages found for 233202160551
2025-07-13 00:20:30,124 - INFO - Analyzing phone number 8: 233203862710
2025-07-13 00:20:30,124 - INFO -   ✗ No messages found for 233203862710
2025-07-13 00:20:30,125 - INFO - Analyzing phone number 9: 233505409272
2025-07-13 00:20:30,125 - INFO -   ✗ No messages found for 233505409272
2025-07-13 00:20:30,125 - INFO - Analyzing phone number 10: 233205566936
2025-07-13 00:20:30,125 - INFO -   ✗ No messages found for 233205566936
2025-07-13 00:20:30,125 - INFO - Analyzing phone number 11: 233208215704
2025-07-13 00:20:30,125 - INFO -   ✗ No messages found for 233208215704
2025-07-13 00:20:30,125 - INFO - Analyzing phone number 12: 233205860171
2025-07-13 00:20:30,125 - INFO -   ✗ No messages found for 233205860171
2025-07-13 00:20:30,126 - INFO - Analyzing phone number 13: 233506826838
2025-07-13 00:20:30,126 - INFO -   ✗ No messages found for 233506826838
2025-07-13 00:20:30,126 - INFO - Analyzing phone number 14: 233204314525
2025-07-13 00:20:30,126 - INFO -   ✗ No messages found for 233204314525
2025-07-13 00:20:30,126 - INFO - Analyzing phone number 15: 233501885413
2025-07-13 00:20:30,126 - INFO -   ✗ No messages found for 233501885413
2025-07-13 00:20:30,126 - INFO - Analyzing phone number 16: 233206345942
2025-07-13 00:20:30,126 - INFO -   ✗ No messages found for 233206345942
2025-07-13 00:20:30,126 - INFO - Analyzing phone number 17: 233209768113
2025-07-13 00:20:30,127 - INFO -   ✗ No messages found for 233209768113
2025-07-13 00:20:30,127 - INFO - Analyzing phone number 18: 233501620322
2025-07-13 00:20:30,127 - INFO -   ✗ No messages found for 233501620322
2025-07-13 00:20:30,127 - INFO - Analyzing phone number 19: 233206006939
2025-07-13 00:20:30,127 - INFO -   ✗ No messages found for 233206006939
2025-07-13 00:20:30,127 - INFO - Analyzing phone number 20: 233500400929
2025-07-13 00:20:30,127 - INFO -   ✗ No messages found for 233500400929
2025-07-13 00:20:30,127 - INFO - Analyzing phone number 21: 233501161652
2025-07-13 00:20:30,127 - INFO -   ✗ No messages found for 233501161652
2025-07-13 00:20:30,127 - INFO - Analyzing phone number 22: 233205890245
2025-07-13 00:20:30,127 - INFO -   ✗ No messages found for 233205890245
2025-07-13 00:20:30,127 - INFO - Analyzing phone number 23: 233204234029
2025-07-13 00:20:30,129 - INFO -   ✗ No messages found for 233204234029
2025-07-13 00:20:30,129 - INFO - Analyzing phone number 24: 233209659487
2025-07-13 00:20:30,129 - INFO -   ✗ No messages found for 233209659487
2025-07-13 00:20:30,129 - INFO - Analyzing phone number 25: 233508452054
2025-07-13 00:20:30,129 - INFO -   ✗ No messages found for 233508452054
2025-07-13 00:20:30,130 - INFO - Analysis results saved to phone_analysis_20250713_002030.json
2025-07-13 00:20:30,130 - INFO - Summary:
2025-07-13 00:20:30,131 - INFO -   - Phone numbers with messages: 2
2025-07-13 00:20:30,131 - INFO -   - Phone numbers without messages: 23
2025-07-13 00:20:30,131 - INFO - ============================================================
2025-07-13 00:20:30,131 - INFO - FINISHED ANALYZING PHONE NUMBERS
2025-07-13 00:20:30,131 - INFO - ============================================================
2025-07-13 00:20:30,258 - INFO - Browser closed successfully
2025-07-13 00:45:57,009 - INFO - Browser initialized successfully
2025-07-13 00:46:01,232 - INFO - Captcha text: 
	
	
		
			
				
				
						
					Login to Account
					
										
						
						
						
							
						
					

					
						
						
						
							
						
					
					
					
						What is 2 + 7 = ? : 
					
					
					
						
							Login
						
					
					

				
					
					

					
				
			
		
	
	
	

	
	
	

	
	

	

	
	
		$('.js-tilt').tilt({
			scale: 1.1
		})
	

	




2025-07-13 00:46:01,232 - INFO - Solved captcha: 2 + 7 = 9
2025-07-13 00:46:02,258 - INFO - Filled captcha answer (method 2): 9
2025-07-13 00:46:05,616 - INFO - Login successful, navigating to SMS data page for extraction
2025-07-13 00:46:07,302 - INFO - Successfully navigated to SMSCDRStats for SMS extraction
2025-07-13 00:46:07,305 - INFO - Successfully logged into SMS service
2025-07-13 00:46:07,305 - INFO - ============================================================
2025-07-13 00:46:07,305 - INFO - CHECKING EXISTING MESSAGES IN SMS SERVICE
2025-07-13 00:46:07,306 - INFO - ============================================================
2025-07-13 00:46:10,350 - INFO - Table info: Showing 1 to 2 of 2 entries
2025-07-13 00:46:10,435 - INFO - Extracted 2 SMS records from table
2025-07-13 00:46:10,436 - INFO - Found 2 existing messages:
2025-07-13 00:46:10,436 - INFO - ------------------------------------------------------------
2025-07-13 00:46:10,436 - INFO - Message 1:
2025-07-13 00:46:10,436 - INFO -   Date: 2025-07-12 22:19:55
2025-07-13 00:46:10,436 - INFO -   Range: Ghana
2025-07-13 00:46:10,436 - INFO -   Number: 233200704879
2025-07-13 00:46:10,436 - INFO -   CLI: AIRBNB
2025-07-13 00:46:10,436 - INFO -   SMS: Your Airbnb verification code is 809418 Dont share this code with anyone; our employees will never ask for the code
2025-07-13 00:46:10,437 - INFO -   Currency: $
2025-07-13 00:46:10,437 - INFO -   Payout: 0
2025-07-13 00:46:10,437 - INFO - ----------------------------------------
2025-07-13 00:46:10,437 - INFO - Message 2:
2025-07-13 00:46:10,437 - INFO -   Date: 2025-07-12 21:22:56
2025-07-13 00:46:10,437 - INFO -   Range: Ghana
2025-07-13 00:46:10,437 - INFO -   Number: 233201915227
2025-07-13 00:46:10,437 - INFO -   CLI: AIRBNB
2025-07-13 00:46:10,438 - INFO -   SMS: Your Airbnb verification code is 005646 Dont share this code with anyone; our employees will never ask for the code
2025-07-13 00:46:10,438 - INFO -   Currency: $
2025-07-13 00:46:10,438 - INFO -   Payout: 0
2025-07-13 00:46:10,438 - INFO - ----------------------------------------
2025-07-13 00:46:10,438 - INFO - ============================================================
2025-07-13 00:46:10,438 - INFO - EXTRACTED VERIFICATION CODES:
2025-07-13 00:46:10,438 - INFO - ============================================================
2025-07-13 00:46:10,438 - INFO - Code 1:
2025-07-13 00:46:10,439 - INFO -   Number: 233200704879
2025-07-13 00:46:10,439 - INFO -   Code: 809418
2025-07-13 00:46:10,439 - INFO -   Date: 2025-07-12 22:19:55
2025-07-13 00:46:10,439 - INFO - ----------------------------------------
2025-07-13 00:46:10,439 - INFO - Code 2:
2025-07-13 00:46:10,439 - INFO -   Number: 233201915227
2025-07-13 00:46:10,439 - INFO -   Code: 005646
2025-07-13 00:46:10,439 - INFO -   Date: 2025-07-12 21:22:56
2025-07-13 00:46:10,439 - INFO - ----------------------------------------
2025-07-13 00:46:10,440 - INFO - Verification codes saved to verification_codes_20250713_004610.json
2025-07-13 00:46:10,440 - INFO - All messages saved to sms_messages_20250713_004610.json
2025-07-13 00:46:10,440 - INFO - ============================================================
2025-07-13 00:46:10,441 - INFO - FINISHED CHECKING EXISTING MESSAGES
2025-07-13 00:46:10,441 - INFO - ============================================================
2025-07-13 00:46:10,441 - INFO - Found CSV file: Flyn SMS  My SMS Numbers.csv
2025-07-13 00:46:10,449 - INFO - Successfully read 25 phone numbers from Flyn SMS  My SMS Numbers.csv
2025-07-13 00:46:10,449 - INFO - CSV columns: ['Range', 'Prefix', 'Number', 'My Payterm', 'My Payout', 'Limits']
2025-07-13 00:46:10,449 - INFO - ============================================================
2025-07-13 00:46:10,449 - INFO - ANALYZING PHONE NUMBERS FROM CSV
2025-07-13 00:46:10,450 - INFO - ============================================================
2025-07-13 00:46:10,531 - INFO - Extracted 2 SMS records from table
2025-07-13 00:46:10,531 - INFO - CSV contains 25 phone numbers
2025-07-13 00:46:10,531 - INFO - SMS service has 2 messages
2025-07-13 00:46:10,544 - INFO - Analyzing phone number 1: 233201915227
2025-07-13 00:46:10,544 - INFO -   ✓ Found 1 message(s) for 233201915227
2025-07-13 00:46:10,544 - INFO -     - CLI: AIRBNB, SMS: Your Airbnb verification code is 005646 Dont share...
2025-07-13 00:46:10,544 - INFO - Analyzing phone number 2: 233200704879
2025-07-13 00:46:10,544 - INFO -   ✓ Found 1 message(s) for 233200704879
2025-07-13 00:46:10,545 - INFO -     - CLI: AIRBNB, SMS: Your Airbnb verification code is 809418 Dont share...
2025-07-13 00:46:10,545 - INFO - Analyzing phone number 3: 233202322431
2025-07-13 00:46:10,545 - INFO -   ✗ No messages found for 233202322431
2025-07-13 00:46:10,545 - INFO - Analyzing phone number 4: 233203146752
2025-07-13 00:46:10,545 - INFO -   ✗ No messages found for 233203146752
2025-07-13 00:46:10,545 - INFO - Analyzing phone number 5: 233206767417
2025-07-13 00:46:10,545 - INFO -   ✗ No messages found for 233206767417
2025-07-13 00:46:10,545 - INFO - Analyzing phone number 6: 233209360486
2025-07-13 00:46:10,545 - INFO -   ✗ No messages found for 233209360486
2025-07-13 00:46:10,545 - INFO - Analyzing phone number 7: 233202160551
2025-07-13 00:46:10,545 - INFO -   ✗ No messages found for 233202160551
2025-07-13 00:46:10,546 - INFO - Analyzing phone number 8: 233203862710
2025-07-13 00:46:10,546 - INFO -   ✗ No messages found for 233203862710
2025-07-13 00:46:10,546 - INFO - Analyzing phone number 9: 233505409272
2025-07-13 00:46:10,546 - INFO -   ✗ No messages found for 233505409272
2025-07-13 00:46:10,546 - INFO - Analyzing phone number 10: 233205566936
2025-07-13 00:46:10,546 - INFO -   ✗ No messages found for 233205566936
2025-07-13 00:46:10,546 - INFO - Analyzing phone number 11: 233208215704
2025-07-13 00:46:10,546 - INFO -   ✗ No messages found for 233208215704
2025-07-13 00:46:10,546 - INFO - Analyzing phone number 12: 233205860171
2025-07-13 00:46:10,547 - INFO -   ✗ No messages found for 233205860171
2025-07-13 00:46:10,547 - INFO - Analyzing phone number 13: 233506826838
2025-07-13 00:46:10,547 - INFO -   ✗ No messages found for 233506826838
2025-07-13 00:46:10,547 - INFO - Analyzing phone number 14: 233204314525
2025-07-13 00:46:10,547 - INFO -   ✗ No messages found for 233204314525
2025-07-13 00:46:10,547 - INFO - Analyzing phone number 15: 233501885413
2025-07-13 00:46:10,547 - INFO -   ✗ No messages found for 233501885413
2025-07-13 00:46:10,547 - INFO - Analyzing phone number 16: 233206345942
2025-07-13 00:46:10,547 - INFO -   ✗ No messages found for 233206345942
2025-07-13 00:46:10,548 - INFO - Analyzing phone number 17: 233209768113
2025-07-13 00:46:10,548 - INFO -   ✗ No messages found for 233209768113
2025-07-13 00:46:10,548 - INFO - Analyzing phone number 18: 233501620322
2025-07-13 00:46:10,548 - INFO -   ✗ No messages found for 233501620322
2025-07-13 00:46:10,548 - INFO - Analyzing phone number 19: 233206006939
2025-07-13 00:46:10,548 - INFO -   ✗ No messages found for 233206006939
2025-07-13 00:46:10,548 - INFO - Analyzing phone number 20: 233500400929
2025-07-13 00:46:10,548 - INFO -   ✗ No messages found for 233500400929
2025-07-13 00:46:10,548 - INFO - Analyzing phone number 21: 233501161652
2025-07-13 00:46:10,548 - INFO -   ✗ No messages found for 233501161652
2025-07-13 00:46:10,548 - INFO - Analyzing phone number 22: 233205890245
2025-07-13 00:46:10,548 - INFO -   ✗ No messages found for 233205890245
2025-07-13 00:46:10,549 - INFO - Analyzing phone number 23: 233204234029
2025-07-13 00:46:10,549 - INFO -   ✗ No messages found for 233204234029
2025-07-13 00:46:10,549 - INFO - Analyzing phone number 24: 233209659487
2025-07-13 00:46:10,549 - INFO -   ✗ No messages found for 233209659487
2025-07-13 00:46:10,549 - INFO - Analyzing phone number 25: 233508452054
2025-07-13 00:46:10,549 - INFO -   ✗ No messages found for 233508452054
2025-07-13 00:46:10,550 - INFO - Analysis results saved to phone_analysis_20250713_004610.json
2025-07-13 00:46:10,550 - INFO - Summary:
2025-07-13 00:46:10,550 - INFO -   - Phone numbers with messages: 2
2025-07-13 00:46:10,551 - INFO -   - Phone numbers without messages: 23
2025-07-13 00:46:10,551 - INFO - ============================================================
2025-07-13 00:46:10,551 - INFO - FINISHED ANALYZING PHONE NUMBERS
2025-07-13 00:46:10,551 - INFO - ============================================================
2025-07-13 00:46:10,715 - INFO - Browser closed successfully
2025-07-13 00:53:59,376 - INFO - Browser initialized successfully
2025-07-13 00:54:03,646 - INFO - Captcha text: 
	
	
		
			
				
				
						
					Login to Account
					
										
						
						
						
							
						
					

					
						
						
						
							
						
					
					
					
						What is 0 + 5 = ? : 
					
					
					
						
							Login
						
					
					

				
					
					

					
				
			
		
	
	
	

	
	
	

	
	

	

	
	
		$('.js-tilt').tilt({
			scale: 1.1
		})
	

	




2025-07-13 00:54:03,647 - INFO - Solved captcha: 0 + 5 = 5
2025-07-13 00:54:04,667 - INFO - Filled captcha answer (method 2): 5
2025-07-13 00:54:07,515 - INFO - Login successful, navigating to SMS data page for extraction
2025-07-13 00:54:09,147 - INFO - Successfully navigated to SMSCDRStats for SMS extraction
2025-07-13 00:54:09,147 - INFO - Successfully logged into SMS service
2025-07-13 00:54:09,147 - INFO - ============================================================
2025-07-13 00:54:09,147 - INFO - CHECKING EXISTING MESSAGES IN SMS SERVICE
2025-07-13 00:54:09,147 - INFO - ============================================================
2025-07-13 00:54:12,177 - INFO - Table info: Showing 1 to 2 of 2 entries
2025-07-13 00:54:12,264 - INFO - Extracted 2 SMS records from table
2025-07-13 00:54:12,265 - INFO - Found 2 existing messages:
2025-07-13 00:54:12,265 - INFO - ------------------------------------------------------------
2025-07-13 00:54:12,265 - INFO - Message 1:
2025-07-13 00:54:12,265 - INFO -   Date: 2025-07-12 22:19:55
2025-07-13 00:54:12,265 - INFO -   Range: Ghana
2025-07-13 00:54:12,265 - INFO -   Number: 233200704879
2025-07-13 00:54:12,265 - INFO -   CLI: AIRBNB
2025-07-13 00:54:12,265 - INFO -   SMS: Your Airbnb verification code is 809418 Dont share this code with anyone; our employees will never ask for the code
2025-07-13 00:54:12,265 - INFO -   Currency: $
2025-07-13 00:54:12,265 - INFO -   Payout: 0
2025-07-13 00:54:12,266 - INFO - ----------------------------------------
2025-07-13 00:54:12,266 - INFO - Message 2:
2025-07-13 00:54:12,266 - INFO -   Date: 2025-07-12 21:22:56
2025-07-13 00:54:12,266 - INFO -   Range: Ghana
2025-07-13 00:54:12,266 - INFO -   Number: 233201915227
2025-07-13 00:54:12,266 - INFO -   CLI: AIRBNB
2025-07-13 00:54:12,266 - INFO -   SMS: Your Airbnb verification code is 005646 Dont share this code with anyone; our employees will never ask for the code
2025-07-13 00:54:12,266 - INFO -   Currency: $
2025-07-13 00:54:12,266 - INFO -   Payout: 0
2025-07-13 00:54:12,266 - INFO - ----------------------------------------
2025-07-13 00:54:12,267 - INFO - ============================================================
2025-07-13 00:54:12,267 - INFO - EXTRACTED VERIFICATION CODES:
2025-07-13 00:54:12,267 - INFO - ============================================================
2025-07-13 00:54:12,267 - INFO - Code 1:
2025-07-13 00:54:12,267 - INFO -   Number: 233200704879
2025-07-13 00:54:12,267 - INFO -   Code: 809418
2025-07-13 00:54:12,267 - INFO -   Date: 2025-07-12 22:19:55
2025-07-13 00:54:12,267 - INFO - ----------------------------------------
2025-07-13 00:54:12,267 - INFO - Code 2:
2025-07-13 00:54:12,267 - INFO -   Number: 233201915227
2025-07-13 00:54:12,267 - INFO -   Code: 005646
2025-07-13 00:54:12,267 - INFO -   Date: 2025-07-12 21:22:56
2025-07-13 00:54:12,268 - INFO - ----------------------------------------
2025-07-13 00:54:12,270 - INFO - Verification codes saved to verification_codes_20250713_005412.json
2025-07-13 00:54:12,271 - INFO - All messages saved to sms_messages_20250713_005412.json
2025-07-13 00:54:12,272 - INFO - ============================================================
2025-07-13 00:54:12,272 - INFO - FINISHED CHECKING EXISTING MESSAGES
2025-07-13 00:54:12,273 - INFO - ============================================================
2025-07-13 00:54:12,273 - INFO - Found CSV file: Flyn SMS  My SMS Numbers.csv
2025-07-13 00:54:12,275 - INFO - Successfully read 25 phone numbers from Flyn SMS  My SMS Numbers.csv
2025-07-13 00:54:12,276 - INFO - CSV columns: ['Range', 'Prefix', 'Number', 'My Payterm', 'My Payout', 'Limits']
2025-07-13 00:54:12,276 - INFO - ============================================================
2025-07-13 00:54:12,276 - INFO - ANALYZING PHONE NUMBERS FROM CSV
2025-07-13 00:54:12,276 - INFO - ============================================================
2025-07-13 00:54:12,359 - INFO - Extracted 2 SMS records from table
2025-07-13 00:54:12,360 - INFO - CSV contains 25 phone numbers
2025-07-13 00:54:12,360 - INFO - SMS service has 2 messages
2025-07-13 00:54:12,364 - INFO - Analyzing phone number 1: 233201915227
2025-07-13 00:54:12,365 - INFO -   ✓ Found 1 message(s) for 233201915227
2025-07-13 00:54:12,365 - INFO -     - CLI: AIRBNB, SMS: Your Airbnb verification code is 005646 Dont share...
2025-07-13 00:54:12,365 - INFO - Analyzing phone number 2: 233200704879
2025-07-13 00:54:12,365 - INFO -   ✓ Found 1 message(s) for 233200704879
2025-07-13 00:54:12,366 - INFO -     - CLI: AIRBNB, SMS: Your Airbnb verification code is 809418 Dont share...
2025-07-13 00:54:12,366 - INFO - Analyzing phone number 3: 233202322431
2025-07-13 00:54:12,366 - INFO -   ✗ No messages found for 233202322431
2025-07-13 00:54:12,366 - INFO - Analyzing phone number 4: 233203146752
2025-07-13 00:54:12,366 - INFO -   ✗ No messages found for 233203146752
2025-07-13 00:54:12,366 - INFO - Analyzing phone number 5: 233206767417
2025-07-13 00:54:12,366 - INFO -   ✗ No messages found for 233206767417
2025-07-13 00:54:12,366 - INFO - Analyzing phone number 6: 233209360486
2025-07-13 00:54:12,366 - INFO -   ✗ No messages found for 233209360486
2025-07-13 00:54:12,366 - INFO - Analyzing phone number 7: 233202160551
2025-07-13 00:54:12,366 - INFO -   ✗ No messages found for 233202160551
2025-07-13 00:54:12,367 - INFO - Analyzing phone number 8: 233203862710
2025-07-13 00:54:12,367 - INFO -   ✗ No messages found for 233203862710
2025-07-13 00:54:12,367 - INFO - Analyzing phone number 9: 233505409272
2025-07-13 00:54:12,367 - INFO -   ✗ No messages found for 233505409272
2025-07-13 00:54:12,367 - INFO - Analyzing phone number 10: 233205566936
2025-07-13 00:54:12,367 - INFO -   ✗ No messages found for 233205566936
2025-07-13 00:54:12,367 - INFO - Analyzing phone number 11: 233208215704
2025-07-13 00:54:12,367 - INFO -   ✗ No messages found for 233208215704
2025-07-13 00:54:12,367 - INFO - Analyzing phone number 12: 233205860171
2025-07-13 00:54:12,367 - INFO -   ✗ No messages found for 233205860171
2025-07-13 00:54:12,367 - INFO - Analyzing phone number 13: 233506826838
2025-07-13 00:54:12,368 - INFO -   ✗ No messages found for 233506826838
2025-07-13 00:54:12,368 - INFO - Analyzing phone number 14: 233204314525
2025-07-13 00:54:12,368 - INFO -   ✗ No messages found for 233204314525
2025-07-13 00:54:12,368 - INFO - Analyzing phone number 15: 233501885413
2025-07-13 00:54:12,368 - INFO -   ✗ No messages found for 233501885413
2025-07-13 00:54:12,368 - INFO - Analyzing phone number 16: 233206345942
2025-07-13 00:54:12,368 - INFO -   ✗ No messages found for 233206345942
2025-07-13 00:54:12,368 - INFO - Analyzing phone number 17: 233209768113
2025-07-13 00:54:12,368 - INFO -   ✗ No messages found for 233209768113
2025-07-13 00:54:12,368 - INFO - Analyzing phone number 18: 233501620322
2025-07-13 00:54:12,368 - INFO -   ✗ No messages found for 233501620322
2025-07-13 00:54:12,369 - INFO - Analyzing phone number 19: 233206006939
2025-07-13 00:54:12,369 - INFO -   ✗ No messages found for 233206006939
2025-07-13 00:54:12,369 - INFO - Analyzing phone number 20: 233500400929
2025-07-13 00:54:12,369 - INFO -   ✗ No messages found for 233500400929
2025-07-13 00:54:12,369 - INFO - Analyzing phone number 21: 233501161652
2025-07-13 00:54:12,370 - INFO -   ✗ No messages found for 233501161652
2025-07-13 00:54:12,370 - INFO - Analyzing phone number 22: 233205890245
2025-07-13 00:54:12,370 - INFO -   ✗ No messages found for 233205890245
2025-07-13 00:54:12,370 - INFO - Analyzing phone number 23: 233204234029
2025-07-13 00:54:12,370 - INFO -   ✗ No messages found for 233204234029
2025-07-13 00:54:12,371 - INFO - Analyzing phone number 24: 233209659487
2025-07-13 00:54:12,371 - INFO -   ✗ No messages found for 233209659487
2025-07-13 00:54:12,371 - INFO - Analyzing phone number 25: 233508452054
2025-07-13 00:54:12,371 - INFO -   ✗ No messages found for 233508452054
2025-07-13 00:54:12,372 - INFO - Analysis results saved to phone_analysis_20250713_005412.json
2025-07-13 00:54:12,372 - INFO - Summary:
2025-07-13 00:54:12,373 - INFO -   - Phone numbers with messages: 2
2025-07-13 00:54:12,373 - INFO -   - Phone numbers without messages: 23
2025-07-13 00:54:12,373 - INFO - ============================================================
2025-07-13 00:54:12,373 - INFO - FINISHED ANALYZING PHONE NUMBERS
2025-07-13 00:54:12,373 - INFO - ============================================================
2025-07-13 00:54:15,797 - INFO - Opened Airbnb signup/login page in a new browser tab.
2025-07-13 00:54:15,936 - INFO - Browser closed successfully
2025-07-13 00:54:44,668 - INFO - Browser initialized successfully
2025-07-13 00:54:48,951 - INFO - Captcha text: 
	
	
		
			
				
				
						
					Login to Account
					
										
						
						
						
							
						
					

					
						
						
						
							
						
					
					
					
						What is 7 + 3 = ? : 
					
					
					
						
							Login
						
					
					

				
					
					

					
				
			
		
	
	
	

	
	
	

	
	

	

	
	
		$('.js-tilt').tilt({
			scale: 1.1
		})
	

	




2025-07-13 00:54:48,955 - INFO - Solved captcha: 7 + 3 = 10
2025-07-13 00:54:49,983 - INFO - Filled captcha answer (method 2): 10
2025-07-13 00:54:52,786 - INFO - Login successful, navigating to SMS data page for extraction
2025-07-13 00:54:54,441 - INFO - Successfully navigated to SMSCDRStats for SMS extraction
2025-07-13 00:54:54,442 - INFO - Successfully logged into SMS service
2025-07-13 00:54:54,442 - INFO - ============================================================
2025-07-13 00:54:54,442 - INFO - CHECKING EXISTING MESSAGES IN SMS SERVICE
2025-07-13 00:54:54,442 - INFO - ============================================================
2025-07-13 00:54:57,478 - INFO - Table info: Showing 1 to 2 of 2 entries
2025-07-13 00:54:57,566 - INFO - Extracted 2 SMS records from table
2025-07-13 00:54:57,566 - INFO - Found 2 existing messages:
2025-07-13 00:54:57,566 - INFO - ------------------------------------------------------------
2025-07-13 00:54:57,566 - INFO - Message 1:
2025-07-13 00:54:57,566 - INFO -   Date: 2025-07-12 22:19:55
2025-07-13 00:54:57,566 - INFO -   Range: Ghana
2025-07-13 00:54:57,566 - INFO -   Number: 233200704879
2025-07-13 00:54:57,567 - INFO -   CLI: AIRBNB
2025-07-13 00:54:57,567 - INFO -   SMS: Your Airbnb verification code is 809418 Dont share this code with anyone; our employees will never ask for the code
2025-07-13 00:54:57,567 - INFO -   Currency: $
2025-07-13 00:54:57,567 - INFO -   Payout: 0
2025-07-13 00:54:57,567 - INFO - ----------------------------------------
2025-07-13 00:54:57,567 - INFO - Message 2:
2025-07-13 00:54:57,567 - INFO -   Date: 2025-07-12 21:22:56
2025-07-13 00:54:57,567 - INFO -   Range: Ghana
2025-07-13 00:54:57,567 - INFO -   Number: 233201915227
2025-07-13 00:54:57,567 - INFO -   CLI: AIRBNB
2025-07-13 00:54:57,567 - INFO -   SMS: Your Airbnb verification code is 005646 Dont share this code with anyone; our employees will never ask for the code
2025-07-13 00:54:57,567 - INFO -   Currency: $
2025-07-13 00:54:57,568 - INFO -   Payout: 0
2025-07-13 00:54:57,568 - INFO - ----------------------------------------
2025-07-13 00:54:57,568 - INFO - ============================================================
2025-07-13 00:54:57,568 - INFO - EXTRACTED VERIFICATION CODES:
2025-07-13 00:54:57,568 - INFO - ============================================================
2025-07-13 00:54:57,568 - INFO - Code 1:
2025-07-13 00:54:57,568 - INFO -   Number: 233200704879
2025-07-13 00:54:57,568 - INFO -   Code: 809418
2025-07-13 00:54:57,568 - INFO -   Date: 2025-07-12 22:19:55
2025-07-13 00:54:57,568 - INFO - ----------------------------------------
2025-07-13 00:54:57,568 - INFO - Code 2:
2025-07-13 00:54:57,569 - INFO -   Number: 233201915227
2025-07-13 00:54:57,569 - INFO -   Code: 005646
2025-07-13 00:54:57,569 - INFO -   Date: 2025-07-12 21:22:56
2025-07-13 00:54:57,569 - INFO - ----------------------------------------
2025-07-13 00:54:57,569 - INFO - Verification codes saved to verification_codes_20250713_005457.json
2025-07-13 00:54:57,570 - INFO - All messages saved to sms_messages_20250713_005457.json
2025-07-13 00:54:57,570 - INFO - ============================================================
2025-07-13 00:54:57,570 - INFO - FINISHED CHECKING EXISTING MESSAGES
2025-07-13 00:54:57,570 - INFO - ============================================================
2025-07-13 00:54:57,571 - INFO - Found CSV file: Flyn SMS  My SMS Numbers.csv
2025-07-13 00:54:57,573 - INFO - Successfully read 25 phone numbers from Flyn SMS  My SMS Numbers.csv
2025-07-13 00:54:57,573 - INFO - CSV columns: ['Range', 'Prefix', 'Number', 'My Payterm', 'My Payout', 'Limits']
2025-07-13 00:54:57,573 - INFO - ============================================================
2025-07-13 00:54:57,573 - INFO - ANALYZING PHONE NUMBERS FROM CSV
2025-07-13 00:54:57,573 - INFO - ============================================================
2025-07-13 00:54:57,659 - INFO - Extracted 2 SMS records from table
2025-07-13 00:54:57,659 - INFO - CSV contains 25 phone numbers
2025-07-13 00:54:57,659 - INFO - SMS service has 2 messages
2025-07-13 00:54:57,664 - INFO - Analyzing phone number 1: 233201915227
2025-07-13 00:54:57,664 - INFO -   ✓ Found 1 message(s) for 233201915227
2025-07-13 00:54:57,664 - INFO -     - CLI: AIRBNB, SMS: Your Airbnb verification code is 005646 Dont share...
2025-07-13 00:54:57,664 - INFO - Analyzing phone number 2: 233200704879
2025-07-13 00:54:57,664 - INFO -   ✓ Found 1 message(s) for 233200704879
2025-07-13 00:54:57,665 - INFO -     - CLI: AIRBNB, SMS: Your Airbnb verification code is 809418 Dont share...
2025-07-13 00:54:57,665 - INFO - Analyzing phone number 3: 233202322431
2025-07-13 00:54:57,665 - INFO -   ✗ No messages found for 233202322431
2025-07-13 00:54:57,665 - INFO - Analyzing phone number 4: 233203146752
2025-07-13 00:54:57,665 - INFO -   ✗ No messages found for 233203146752
2025-07-13 00:54:57,665 - INFO - Analyzing phone number 5: 233206767417
2025-07-13 00:54:57,665 - INFO -   ✗ No messages found for 233206767417
2025-07-13 00:54:57,665 - INFO - Analyzing phone number 6: 233209360486
2025-07-13 00:54:57,665 - INFO -   ✗ No messages found for 233209360486
2025-07-13 00:54:57,665 - INFO - Analyzing phone number 7: 233202160551
2025-07-13 00:54:57,666 - INFO -   ✗ No messages found for 233202160551
2025-07-13 00:54:57,666 - INFO - Analyzing phone number 8: 233203862710
2025-07-13 00:54:57,666 - INFO -   ✗ No messages found for 233203862710
2025-07-13 00:54:57,666 - INFO - Analyzing phone number 9: 233505409272
2025-07-13 00:54:57,666 - INFO -   ✗ No messages found for 233505409272
2025-07-13 00:54:57,666 - INFO - Analyzing phone number 10: 233205566936
2025-07-13 00:54:57,666 - INFO -   ✗ No messages found for 233205566936
2025-07-13 00:54:57,666 - INFO - Analyzing phone number 11: 233208215704
2025-07-13 00:54:57,666 - INFO -   ✗ No messages found for 233208215704
2025-07-13 00:54:57,666 - INFO - Analyzing phone number 12: 233205860171
2025-07-13 00:54:57,666 - INFO -   ✗ No messages found for 233205860171
2025-07-13 00:54:57,667 - INFO - Analyzing phone number 13: 233506826838
2025-07-13 00:54:57,667 - INFO -   ✗ No messages found for 233506826838
2025-07-13 00:54:57,667 - INFO - Analyzing phone number 14: 233204314525
2025-07-13 00:54:57,667 - INFO -   ✗ No messages found for 233204314525
2025-07-13 00:54:57,667 - INFO - Analyzing phone number 15: 233501885413
2025-07-13 00:54:57,667 - INFO -   ✗ No messages found for 233501885413
2025-07-13 00:54:57,667 - INFO - Analyzing phone number 16: 233206345942
2025-07-13 00:54:57,667 - INFO -   ✗ No messages found for 233206345942
2025-07-13 00:54:57,667 - INFO - Analyzing phone number 17: 233209768113
2025-07-13 00:54:57,667 - INFO -   ✗ No messages found for 233209768113
2025-07-13 00:54:57,667 - INFO - Analyzing phone number 18: 233501620322
2025-07-13 00:54:57,667 - INFO -   ✗ No messages found for 233501620322
2025-07-13 00:54:57,667 - INFO - Analyzing phone number 19: 233206006939
2025-07-13 00:54:57,668 - INFO -   ✗ No messages found for 233206006939
2025-07-13 00:54:57,668 - INFO - Analyzing phone number 20: 233500400929
2025-07-13 00:54:57,668 - INFO -   ✗ No messages found for 233500400929
2025-07-13 00:54:57,668 - INFO - Analyzing phone number 21: 233501161652
2025-07-13 00:54:57,668 - INFO -   ✗ No messages found for 233501161652
2025-07-13 00:54:57,668 - INFO - Analyzing phone number 22: 233205890245
2025-07-13 00:54:57,668 - INFO -   ✗ No messages found for 233205890245
2025-07-13 00:54:57,668 - INFO - Analyzing phone number 23: 233204234029
2025-07-13 00:54:57,668 - INFO -   ✗ No messages found for 233204234029
2025-07-13 00:54:57,669 - INFO - Analyzing phone number 24: 233209659487
2025-07-13 00:54:57,669 - INFO -   ✗ No messages found for 233209659487
2025-07-13 00:54:57,669 - INFO - Analyzing phone number 25: 233508452054
2025-07-13 00:54:57,669 - INFO -   ✗ No messages found for 233508452054
2025-07-13 00:54:57,670 - INFO - Analysis results saved to phone_analysis_20250713_005457.json
2025-07-13 00:54:57,671 - INFO - Summary:
2025-07-13 00:54:57,671 - INFO -   - Phone numbers with messages: 2
2025-07-13 00:54:57,671 - INFO -   - Phone numbers without messages: 23
2025-07-13 00:54:57,672 - INFO - ============================================================
2025-07-13 00:54:57,672 - INFO - FINISHED ANALYZING PHONE NUMBERS
2025-07-13 00:54:57,672 - INFO - ============================================================
2025-07-13 00:55:00,890 - INFO - Opened Airbnb signup/login page in a new browser tab.
2025-07-13 00:55:01,104 - INFO - Browser closed successfully
2025-07-13 00:57:17,644 - INFO - Browser initialized successfully
2025-07-13 00:57:22,007 - INFO - Captcha text: 
	
	
		
			
				
				
						
					Login to Account
					
										
						
						
						
							
						
					

					
						
						
						
							
						
					
					
					
						What is 9 + 8 = ? : 
					
					
					
						
							Login
						
					
					

				
					
					

					
				
			
		
	
	
	

	
	
	

	
	

	

	
	
		$('.js-tilt').tilt({
			scale: 1.1
		})
	

	




2025-07-13 00:57:22,010 - INFO - Solved captcha: 9 + 8 = 17
2025-07-13 00:57:23,033 - INFO - Filled captcha answer (method 2): 17
2025-07-13 00:57:26,150 - INFO - Login successful, navigating to SMS data page for extraction
2025-07-13 00:57:27,977 - INFO - Successfully navigated to SMSCDRStats for SMS extraction
2025-07-13 00:57:27,978 - INFO - Successfully logged into SMS service
2025-07-13 00:57:27,978 - INFO - ============================================================
2025-07-13 00:57:27,978 - INFO - CHECKING EXISTING MESSAGES IN SMS SERVICE
2025-07-13 00:57:27,978 - INFO - ============================================================
2025-07-13 00:57:31,013 - INFO - Table info: Showing 1 to 2 of 2 entries
2025-07-13 00:57:31,099 - INFO - Extracted 2 SMS records from table
2025-07-13 00:57:31,099 - INFO - Found 2 existing messages:
2025-07-13 00:57:31,099 - INFO - ------------------------------------------------------------
2025-07-13 00:57:31,100 - INFO - Message 1:
2025-07-13 00:57:31,100 - INFO -   Date: 2025-07-12 22:19:55
2025-07-13 00:57:31,100 - INFO -   Range: Ghana
2025-07-13 00:57:31,100 - INFO -   Number: 233200704879
2025-07-13 00:57:31,100 - INFO -   CLI: AIRBNB
2025-07-13 00:57:31,100 - INFO -   SMS: Your Airbnb verification code is 809418 Dont share this code with anyone; our employees will never ask for the code
2025-07-13 00:57:31,100 - INFO -   Currency: $
2025-07-13 00:57:31,100 - INFO -   Payout: 0
2025-07-13 00:57:31,100 - INFO - ----------------------------------------
2025-07-13 00:57:31,100 - INFO - Message 2:
2025-07-13 00:57:31,100 - INFO -   Date: 2025-07-12 21:22:56
2025-07-13 00:57:31,101 - INFO -   Range: Ghana
2025-07-13 00:57:31,101 - INFO -   Number: 233201915227
2025-07-13 00:57:31,101 - INFO -   CLI: AIRBNB
2025-07-13 00:57:31,101 - INFO -   SMS: Your Airbnb verification code is 005646 Dont share this code with anyone; our employees will never ask for the code
2025-07-13 00:57:31,101 - INFO -   Currency: $
2025-07-13 00:57:31,101 - INFO -   Payout: 0
2025-07-13 00:57:31,101 - INFO - ----------------------------------------
2025-07-13 00:57:31,101 - INFO - ============================================================
2025-07-13 00:57:31,101 - INFO - EXTRACTED VERIFICATION CODES:
2025-07-13 00:57:31,101 - INFO - ============================================================
2025-07-13 00:57:31,101 - INFO - Code 1:
2025-07-13 00:57:31,101 - INFO -   Number: 233200704879
2025-07-13 00:57:31,102 - INFO -   Code: 809418
2025-07-13 00:57:31,102 - INFO -   Date: 2025-07-12 22:19:55
2025-07-13 00:57:31,102 - INFO - ----------------------------------------
2025-07-13 00:57:31,102 - INFO - Code 2:
2025-07-13 00:57:31,102 - INFO -   Number: 233201915227
2025-07-13 00:57:31,102 - INFO -   Code: 005646
2025-07-13 00:57:31,102 - INFO -   Date: 2025-07-12 21:22:56
2025-07-13 00:57:31,102 - INFO - ----------------------------------------
2025-07-13 00:57:31,103 - INFO - Verification codes saved to verification_codes_20250713_005731.json
2025-07-13 00:57:31,103 - INFO - All messages saved to sms_messages_20250713_005731.json
2025-07-13 00:57:31,104 - INFO - ============================================================
2025-07-13 00:57:31,104 - INFO - FINISHED CHECKING EXISTING MESSAGES
2025-07-13 00:57:31,104 - INFO - ============================================================
2025-07-13 00:57:31,104 - INFO - Found CSV file: Flyn SMS  My SMS Numbers.csv
2025-07-13 00:57:31,106 - INFO - Successfully read 25 phone numbers from Flyn SMS  My SMS Numbers.csv
2025-07-13 00:57:31,108 - INFO - CSV columns: ['Range', 'Prefix', 'Number', 'My Payterm', 'My Payout', 'Limits']
2025-07-13 00:57:31,108 - INFO - ============================================================
2025-07-13 00:57:31,108 - INFO - ANALYZING PHONE NUMBERS FROM CSV
2025-07-13 00:57:31,108 - INFO - ============================================================
2025-07-13 00:57:31,188 - INFO - Extracted 2 SMS records from table
2025-07-13 00:57:31,188 - INFO - CSV contains 25 phone numbers
2025-07-13 00:57:31,188 - INFO - SMS service has 2 messages
2025-07-13 00:57:31,193 - INFO - Analyzing phone number 1: 233201915227
2025-07-13 00:57:31,193 - INFO -   ✓ Found 1 message(s) for 233201915227
2025-07-13 00:57:31,193 - INFO -     - CLI: AIRBNB, SMS: Your Airbnb verification code is 005646 Dont share...
2025-07-13 00:57:31,194 - INFO - Analyzing phone number 2: 233200704879
2025-07-13 00:57:31,194 - INFO -   ✓ Found 1 message(s) for 233200704879
2025-07-13 00:57:31,194 - INFO -     - CLI: AIRBNB, SMS: Your Airbnb verification code is 809418 Dont share...
2025-07-13 00:57:31,194 - INFO - Analyzing phone number 3: 233202322431
2025-07-13 00:57:31,194 - INFO -   ✗ No messages found for 233202322431
2025-07-13 00:57:31,194 - INFO - Analyzing phone number 4: 233203146752
2025-07-13 00:57:31,194 - INFO -   ✗ No messages found for 233203146752
2025-07-13 00:57:31,195 - INFO - Analyzing phone number 5: 233206767417
2025-07-13 00:57:31,195 - INFO -   ✗ No messages found for 233206767417
2025-07-13 00:57:31,195 - INFO - Analyzing phone number 6: 233209360486
2025-07-13 00:57:31,195 - INFO -   ✗ No messages found for 233209360486
2025-07-13 00:57:31,195 - INFO - Analyzing phone number 7: 233202160551
2025-07-13 00:57:31,195 - INFO -   ✗ No messages found for 233202160551
2025-07-13 00:57:31,195 - INFO - Analyzing phone number 8: 233203862710
2025-07-13 00:57:31,195 - INFO -   ✗ No messages found for 233203862710
2025-07-13 00:57:31,196 - INFO - Analyzing phone number 9: 233505409272
2025-07-13 00:57:31,196 - INFO -   ✗ No messages found for 233505409272
2025-07-13 00:57:31,196 - INFO - Analyzing phone number 10: 233205566936
2025-07-13 00:57:31,196 - INFO -   ✗ No messages found for 233205566936
2025-07-13 00:57:31,196 - INFO - Analyzing phone number 11: 233208215704
2025-07-13 00:57:31,196 - INFO -   ✗ No messages found for 233208215704
2025-07-13 00:57:31,197 - INFO - Analyzing phone number 12: 233205860171
2025-07-13 00:57:31,197 - INFO -   ✗ No messages found for 233205860171
2025-07-13 00:57:31,197 - INFO - Analyzing phone number 13: 233506826838
2025-07-13 00:57:31,197 - INFO -   ✗ No messages found for 233506826838
2025-07-13 00:57:31,198 - INFO - Analyzing phone number 14: 233204314525
2025-07-13 00:57:31,198 - INFO -   ✗ No messages found for 233204314525
2025-07-13 00:57:31,198 - INFO - Analyzing phone number 15: 233501885413
2025-07-13 00:57:31,198 - INFO -   ✗ No messages found for 233501885413
2025-07-13 00:57:31,198 - INFO - Analyzing phone number 16: 233206345942
2025-07-13 00:57:31,198 - INFO -   ✗ No messages found for 233206345942
2025-07-13 00:57:31,198 - INFO - Analyzing phone number 17: 233209768113
2025-07-13 00:57:31,198 - INFO -   ✗ No messages found for 233209768113
2025-07-13 00:57:31,198 - INFO - Analyzing phone number 18: 233501620322
2025-07-13 00:57:31,198 - INFO -   ✗ No messages found for 233501620322
2025-07-13 00:57:31,198 - INFO - Analyzing phone number 19: 233206006939
2025-07-13 00:57:31,199 - INFO -   ✗ No messages found for 233206006939
2025-07-13 00:57:31,199 - INFO - Analyzing phone number 20: 233500400929
2025-07-13 00:57:31,199 - INFO -   ✗ No messages found for 233500400929
2025-07-13 00:57:31,199 - INFO - Analyzing phone number 21: 233501161652
2025-07-13 00:57:31,199 - INFO -   ✗ No messages found for 233501161652
2025-07-13 00:57:31,199 - INFO - Analyzing phone number 22: 233205890245
2025-07-13 00:57:31,199 - INFO -   ✗ No messages found for 233205890245
2025-07-13 00:57:31,199 - INFO - Analyzing phone number 23: 233204234029
2025-07-13 00:57:31,199 - INFO -   ✗ No messages found for 233204234029
2025-07-13 00:57:31,199 - INFO - Analyzing phone number 24: 233209659487
2025-07-13 00:57:31,199 - INFO -   ✗ No messages found for 233209659487
2025-07-13 00:57:31,200 - INFO - Analyzing phone number 25: 233508452054
2025-07-13 00:57:31,200 - INFO -   ✗ No messages found for 233508452054
2025-07-13 00:57:31,202 - INFO - Analysis results saved to phone_analysis_20250713_005731.json
2025-07-13 00:57:31,203 - INFO - Summary:
2025-07-13 00:57:31,203 - INFO -   - Phone numbers with messages: 2
2025-07-13 00:57:31,203 - INFO -   - Phone numbers without messages: 23
2025-07-13 00:57:31,203 - INFO - ============================================================
2025-07-13 00:57:31,203 - INFO - FINISHED ANALYZING PHONE NUMBERS
2025-07-13 00:57:31,204 - INFO - ============================================================
2025-07-13 00:58:23,319 - INFO - Interrupted by user. Exiting...
